  main.cpp
c:\users\alexander furmanov\source\repos\g-simulator\g-simulator\main.cpp(27): warning C4305: инициализация: усечение из "double" в "float"
c:\users\alexander furmanov\source\repos\g-simulator\g-simulator\main.cpp(117): warning C4244: инициализация: преобразование "double" в "int", возможна потеря данных
c:\users\alexander furmanov\source\repos\g-simulator\g-simulator\main.cpp(128): warning C4244: аргумент: преобразование "int" в "float", возможна потеря данных
c:\users\alexander furmanov\source\repos\g-simulator\g-simulator\main.cpp(131): warning C4244: инициализация: преобразование "int" в "float", возможна потеря данных
c:\users\alexander furmanov\source\repos\g-simulator\g-simulator\main.cpp(132): warning C4244: инициализация: преобразование "int" в "float", возможна потеря данных
c:\users\alexander furmanov\source\repos\g-simulator\g-simulator\main.cpp(153): warning C4244: инициализация: преобразование "double" в "int", возможна потеря данных
c:\users\alexander furmanov\source\repos\g-simulator\g-simulator\main.cpp(159): warning C4244: аргумент: преобразование "int" в "float", возможна потеря данных
c:\users\alexander furmanov\source\repos\g-simulator\g-simulator\main.cpp(160): warning C4244: аргумент: преобразование "int" в "float", возможна потеря данных
c:\users\alexander furmanov\source\repos\g-simulator\g-simulator\main.cpp(651): warning C4267: аргумент: преобразование из "size_t" в "int"; возможна потеря данных
c:\users\alexander furmanov\source\repos\g-simulator\g-simulator\main.cpp(693): warning C4244: аргумент: преобразование "time_t" в "unsigned int", возможна потеря данных
c:\users\alexander furmanov\source\repos\g-simulator\g-simulator\main.cpp(696): warning C4305: инициализация: усечение из "double" в "float"
c:\users\alexander furmanov\source\repos\g-simulator\g-simulator\main.cpp(697): warning C4305: инициализация: усечение из "double" в "float"
c:\users\alexander furmanov\source\repos\g-simulator\g-simulator\main.cpp(716): warning C4305: аргумент: усечение из "double" в "float"
c:\users\alexander furmanov\source\repos\g-simulator\g-simulator\main.cpp(719): warning C4305: аргумент: усечение из "double" в "float"
c:\users\alexander furmanov\source\repos\g-simulator\g-simulator\main.cpp(722): warning C4305: аргумент: усечение из "double" в "float"
c:\users\alexander furmanov\source\repos\g-simulator\g-simulator\main.cpp(725): warning C4305: аргумент: усечение из "double" в "float"
c:\users\alexander furmanov\source\repos\g-simulator\g-simulator\main.cpp(728): warning C4305: аргумент: усечение из "double" в "float"
c:\users\alexander furmanov\source\repos\g-simulator\g-simulator\main.cpp(731): warning C4305: аргумент: усечение из "double" в "float"
c:\users\alexander furmanov\source\repos\g-simulator\g-simulator\main.cpp(734): warning C4305: аргумент: усечение из "double" в "float"
c:\users\alexander furmanov\source\repos\g-simulator\g-simulator\main.cpp(754): warning C4244: аргумент: преобразование "int" в "T", возможна потеря данных
          with
          [
              T=float
          ]
c:\users\alexander furmanov\source\repos\g-simulator\g-simulator\main.cpp(764): warning C4244: инициализация: преобразование "sf::Int64" в "float", возможна потеря данных
c:\users\alexander furmanov\source\repos\g-simulator\g-simulator\main.cpp(816): warning C4244: аргумент: преобразование "double" в "float", возможна потеря данных
c:\users\alexander furmanov\source\repos\g-simulator\g-simulator\object.h(79): warning C4715: Object::GetColor: значение возвращается не при всех путях выполнения
  G-Simulator.vcxproj -> C:\Users\Alexander Furmanov\source\repos\G-Simulator\x64\Debug\G-Simulator.exe
